Build started 2015-10-12 11:58:48 PM.
     1>Project "C:\Users\Eric\Documents\GitHub\Risk\Risk\Risk\Risk.vcxproj" on node 2 (build target(s)).
     1>InitializeBuildStatus:
         Touching "Debug\Risk.unsuccessfulbuild".
       ClCompile:
         C:\Program Files (x86)\Microsoft Visual Studio 10.0\VC\bin\CL.exe /c /ZI /nologo /W3 /WX- /Od /Oy- /D WIN32 /D _DEBUG /D _CONSOLE /D _LIB /D _UNICODE /D UNICODE /Gm /EHsc /RTC1 /MDd /GS /fp:precise /Zc:wchar_t /Zc:forScope /Yc"StdAfx.h" /Fp"Debug\Risk.pch" /Fo"Debug\\" /Fd"Debug\vc100.pdb" /Gd /TP /analyze- /errorReport:prompt stdafx.cpp
         stdafx.cpp
         C:\Program Files (x86)\Microsoft Visual Studio 10.0\VC\bin\CL.exe /c /ZI /nologo /W3 /WX- /Od /Oy- /D WIN32 /D _DEBUG /D _CONSOLE /D _LIB /D _UNICODE /D UNICODE /Gm /EHsc /RTC1 /MDd /GS /fp:precise /Zc:wchar_t /Zc:forScope /Yu"StdAfx.h" /Fp"Debug\Risk.pch" /Fo"Debug\\" /Fd"Debug\vc100.pdb" /Gd /TP /analyze- /errorReport:prompt CardCashing.cpp Combat.cpp Country.cpp Deck.cpp Engine.cpp Map.cpp MapManager.cpp Player.cpp Region.cpp Risk.cpp
         Risk.cpp
         Region.cpp
         Player.cpp
         MapManager.cpp
         Map.cpp
         Engine.cpp
         Deck.cpp
         Country.cpp
         Combat.cpp
     1>c:\users\eric\documents\github\risk\risk\risk\combat.cpp(78): warning C4018: '<' : signed/unsigned mismatch
     1>c:\users\eric\documents\github\risk\risk\risk\combat.cpp(92): warning C4018: '<' : signed/unsigned mismatch
     1>c:\users\eric\documents\github\risk\risk\risk\combat.cpp(106): warning C4018: '<' : signed/unsigned mismatch
     1>c:\users\eric\documents\github\risk\risk\risk\combat.cpp(112): warning C4018: '<' : signed/unsigned mismatch
     1>c:\users\eric\documents\github\risk\risk\risk\combat.cpp(118): warning C4018: '<' : signed/unsigned mismatch
         CardCashing.cpp
     1>c:\users\eric\documents\github\risk\risk\risk\cardcashing.cpp(148): warning C4018: '<' : signed/unsigned mismatch
         Generating Code...
       ManifestResourceCompile:
         All outputs are up-to-date.
       Link:
         C:\Program Files (x86)\Microsoft Visual Studio 10.0\VC\bin\link.exe /ERRORREPORT:PROMPT /OUT:"C:\Users\Eric\Documents\GitHub\Risk\Risk\Risk\Debug\Risk.exe" /INCREMENTAL /NOLOGO kernel32.lib user32.lib gdi32.lib winspool.lib comdlg32.lib advapi32.lib shell32.lib ole32.lib oleaut32.lib uuid.lib odbc32.lib odbccp32.lib /MANIFEST /ManifestFile:"Debug\Risk.exe.intermediate.manifest" /MANIFESTUAC:"level='asInvoker' uiAccess='false'" /DEBUG /PDB:"C:\Users\Eric\Documents\GitHub\Risk\Risk\Risk\Debug\Risk.pdb" /SUBSYSTEM:CONSOLE /TLBID:1 /DYNAMICBASE /NXCOMPAT /IMPLIB:"C:\Users\Eric\Documents\GitHub\Risk\Risk\Risk\Debug\Risk.lib" /MACHINE:X86 Debug\Risk.exe.embed.manifest.res
         Debug\CardCashing.obj
         Debug\Combat.obj
         Debug\Country.obj
         Debug\Deck.obj
         Debug\Engine.obj
         Debug\Map.obj
         Debug\MapManager.obj
         Debug\Player.obj
         Debug\Region.obj
         Debug\Risk.obj
         Debug\stdafx.obj
       Manifest:
         C:\Program Files (x86)\Microsoft SDKs\Windows\v7.0A\bin\mt.exe /nologo /verbose /out:"Debug\Risk.exe.embed.manifest" /manifest Debug\Risk.exe.intermediate.manifest
         All outputs are up-to-date.
       LinkEmbedManifest:
         All outputs are up-to-date.
         Risk.vcxproj -> C:\Users\Eric\Documents\GitHub\Risk\Risk\Risk\Debug\Risk.exe
       FinalizeBuildStatus:
         Deleting file "Debug\Risk.unsuccessfulbuild".
         Touching "Debug\Risk.lastbuildstate".
     1>Done Building Project "C:\Users\Eric\Documents\GitHub\Risk\Risk\Risk\Risk.vcxproj" (build target(s)).

Build succeeded.

Time Elapsed 00:00:04.16
